<?xml version="1.0" encoding="UTF-8"?>
<!-- Generated by org.testng.reporters.JUnitReportReporter -->
<testsuite skipped="0" hostname="DESKTOP-PFKHA3E" name="com.bhavin.testCases.TestCase_02_ValidateRegisterButtonShouldBeEnabledIfPasswordFieldBlank" tests="1" failures="0" timestamp="2019-11-13T15:09:02 IST" time="24.603" errors="0">
  <testcase name="validateRegisterButtonShouldBeEnabledIfPasswordFieldBlank" time="24.603" classname="com.bhavin.testCases.TestCase_02_ValidateRegisterButtonShouldBeEnabledIfPasswordFieldBlank"/>
</testsuite> <!-- com.bhavin.testCases.TestCase_02_ValidateRegisterButtonShouldBeEnabledIfPasswordFieldBlank -->
